<?xml version="1.0" encoding="UTF-8"?>
<!-- Generated by org.testng.reporters.JUnitXMLReporter -->
<testsuite hostname="INTEL-PC" ignored="0" name="Default test" tests="3" failures="0" timestamp="24 Jun 2018 11:42:27 GMT" time="36.846" errors="0">
  <testcase name="testLoginPageTitle" time="0.031" classname="com.crm.qa.testcases.LoginPageTest"/>
  <testcase name="testCRMLogoInLoginPage" time="0.085" classname="com.crm.qa.testcases.LoginPageTest"/>
  <testcase name="testLogin" time="10.125" classname="com.crm.qa.testcases.LoginPageTest"/>
</testsuite> <!-- Default test -->
