<?xml version="1.0" encoding="UTF-8"?>
<!-- Generated by org.testng.reporters.JUnitXMLReporter -->
<testsuite hostname="INTEL-PC" ignored="0" name="Free CRM automation Test" tests="6" failures="0" timestamp="24 Jun 2018 12:04:38 GMT" time="77.974" errors="0">
  <testcase name="testLoginPageTitle" time="0.03" classname="com.crm.qa.testcases.LoginPageTest"/>
  <testcase name="testHomePageTitle" time="0.009" classname="com.crm.qa.testcases.HomePageTest"/>
  <testcase name="testCRMLogoInLoginPage" time="0.083" classname="com.crm.qa.testcases.LoginPageTest"/>
  <testcase name="testUserNameLabel" time="0.097" classname="com.crm.qa.testcases.HomePageTest"/>
  <testcase name="testLogin" time="4.274" classname="com.crm.qa.testcases.LoginPageTest"/>
  <testcase name="testContactsLink" time="1.345" classname="com.crm.qa.testcases.HomePageTest"/>
</testsuite> <!-- Free CRM automation Test -->
