<?xml version="1.0" encoding="UTF-8"?>
<testng-results skipped="0" failed="0" ignored="0" total="6" passed="6">
  <reporter-output>
  </reporter-output>
  <suite name="Free CRM automation Test Suite" duration-ms="77974" started-at="2018-06-24T12:03:20Z" finished-at="2018-06-24T12:04:38Z">
    <groups>
    </groups>
    <test name="Free CRM automation Test" duration-ms="77974" started-at="2018-06-24T12:03:20Z" finished-at="2018-06-24T12:04:38Z">
      <class name="com.crm.qa.testcases.HomePageTest">
        <test-method status="PASS" signature="setup()[pri:0, instance:com.crm.qa.testcases.HomePageTest@19f99ea]" name="setup" is-config="true" duration-ms="16705" started-at="2018-06-24T12:03:30Z" finished-at="2018-06-24T12:03:46Z">
          <reporter-output>
          </reporter-output>
        </test-method> <!-- setup -->
        <test-method status="PASS" signature="testHomePageTitle()[pri:1, instance:com.crm.qa.testcases.HomePageTest@19f99ea]" name="testHomePageTitle" duration-ms="9" started-at="2018-06-24T12:03:46Z" finished-at="2018-06-24T12:03:46Z">
          <reporter-output>
          </reporter-output>
        </test-method> <!-- testHomePageTitle -->
        <test-method status="PASS" signature="tearDown()[pri:0, instance:com.crm.qa.testcases.HomePageTest@19f99ea]" name="tearDown" is-config="true" duration-ms="627" started-at="2018-06-24T12:03:46Z" finished-at="2018-06-24T12:03:47Z">
          <reporter-output>
          </reporter-output>
        </test-method> <!-- tearDown -->
        <test-method status="PASS" signature="setup()[pri:0, instance:com.crm.qa.testcases.HomePageTest@19f99ea]" name="setup" is-config="true" duration-ms="12406" started-at="2018-06-24T12:03:55Z" finished-at="2018-06-24T12:04:08Z">
          <reporter-output>
          </reporter-output>
        </test-method> <!-- setup -->
        <test-method status="PASS" signature="testUserNameLabel()[pri:2, instance:com.crm.qa.testcases.HomePageTest@19f99ea]" name="testUserNameLabel" duration-ms="97" started-at="2018-06-24T12:04:08Z" finished-at="2018-06-24T12:04:08Z">
          <reporter-output>
          </reporter-output>
        </test-method> <!-- testUserNameLabel -->
        <test-method status="PASS" signature="tearDown()[pri:0, instance:com.crm.qa.testcases.HomePageTest@19f99ea]" name="tearDown" is-config="true" duration-ms="631" started-at="2018-06-24T12:04:08Z" finished-at="2018-06-24T12:04:08Z">
          <reporter-output>
          </reporter-output>
        </test-method> <!-- tearDown -->
        <test-method status="PASS" signature="setup()[pri:0, instance:com.crm.qa.testcases.HomePageTest@19f99ea]" name="setup" is-config="true" duration-ms="15100" started-at="2018-06-24T12:04:21Z" finished-at="2018-06-24T12:04:36Z">
          <reporter-output>
          </reporter-output>
        </test-method> <!-- setup -->
        <test-method status="PASS" signature="testContactsLink()[pri:3, instance:com.crm.qa.testcases.HomePageTest@19f99ea]" name="testContactsLink" duration-ms="1345" started-at="2018-06-24T12:04:36Z" finished-at="2018-06-24T12:04:37Z">
          <reporter-output>
          </reporter-output>
        </test-method> <!-- testContactsLink -->
        <test-method status="PASS" signature="tearDown()[pri:0, instance:com.crm.qa.testcases.HomePageTest@19f99ea]" name="tearDown" is-config="true" duration-ms="636" started-at="2018-06-24T12:04:37Z" finished-at="2018-06-24T12:04:38Z">
          <reporter-output>
          </reporter-output>
        </test-method> <!-- tearDown -->
      </class> <!-- com.crm.qa.testcases.HomePageTest -->
      <class name="com.crm.qa.testcases.LoginPageTest">
        <test-method status="PASS" signature="setup()[pri:0, instance:com.crm.qa.testcases.LoginPageTest@e45eb6]" name="setup" is-config="true" duration-ms="8826" started-at="2018-06-24T12:03:20Z" finished-at="2018-06-24T12:03:29Z">
          <reporter-output>
          </reporter-output>
        </test-method> <!-- setup -->
        <test-method status="PASS" signature="testLoginPageTitle()[pri:1, instance:com.crm.qa.testcases.LoginPageTest@e45eb6]" name="testLoginPageTitle" duration-ms="30" started-at="2018-06-24T12:03:29Z" finished-at="2018-06-24T12:03:29Z">
          <reporter-output>
          </reporter-output>
        </test-method> <!-- testLoginPageTitle -->
        <test-method status="PASS" signature="tearDown()[pri:0, instance:com.crm.qa.testcases.LoginPageTest@e45eb6]" name="tearDown" is-config="true" duration-ms="630" started-at="2018-06-24T12:03:29Z" finished-at="2018-06-24T12:03:30Z">
          <reporter-output>
          </reporter-output>
        </test-method> <!-- tearDown -->
        <test-method status="PASS" signature="setup()[pri:0, instance:com.crm.qa.testcases.LoginPageTest@e45eb6]" name="setup" is-config="true" duration-ms="7545" started-at="2018-06-24T12:03:47Z" finished-at="2018-06-24T12:03:55Z">
          <reporter-output>
          </reporter-output>
        </test-method> <!-- setup -->
        <test-method status="PASS" signature="testCRMLogoInLoginPage()[pri:2, instance:com.crm.qa.testcases.LoginPageTest@e45eb6]" name="testCRMLogoInLoginPage" duration-ms="83" started-at="2018-06-24T12:03:55Z" finished-at="2018-06-24T12:03:55Z">
          <reporter-output>
          </reporter-output>
        </test-method> <!-- testCRMLogoInLoginPage -->
        <test-method status="PASS" signature="tearDown()[pri:0, instance:com.crm.qa.testcases.LoginPageTest@e45eb6]" name="tearDown" is-config="true" duration-ms="608" started-at="2018-06-24T12:03:55Z" finished-at="2018-06-24T12:03:55Z">
          <reporter-output>
          </reporter-output>
        </test-method> <!-- tearDown -->
        <test-method status="PASS" signature="setup()[pri:0, instance:com.crm.qa.testcases.LoginPageTest@e45eb6]" name="setup" is-config="true" duration-ms="7759" started-at="2018-06-24T12:04:08Z" finished-at="2018-06-24T12:04:16Z">
          <reporter-output>
          </reporter-output>
        </test-method> <!-- setup -->
        <test-method status="PASS" signature="testLogin()[pri:3, instance:com.crm.qa.testcases.LoginPageTest@e45eb6]" name="testLogin" duration-ms="4274" started-at="2018-06-24T12:04:16Z" finished-at="2018-06-24T12:04:20Z">
          <reporter-output>
          </reporter-output>
        </test-method> <!-- testLogin -->
        <test-method status="PASS" signature="tearDown()[pri:0, instance:com.crm.qa.testcases.LoginPageTest@e45eb6]" name="tearDown" is-config="true" duration-ms="622" started-at="2018-06-24T12:04:20Z" finished-at="2018-06-24T12:04:21Z">
          <reporter-output>
          </reporter-output>
        </test-method> <!-- tearDown -->
      </class> <!-- com.crm.qa.testcases.LoginPageTest -->
    </test> <!-- Free CRM automation Test -->
  </suite> <!-- Free CRM automation Test Suite -->
</testng-results>
